# JRE version: OpenJDK Runtime Environment (11.0.12+7) (build 11.0.12+7-b1504.28-7817840)
# Java VM: OpenJDK 64-Bit Server VM (11.0.12+7-b1504.28-7817840, mixed mode, tiered, compressed oops, g1 gc, windows-amd64)
Heap:
 garbage-first heap   total 253952K, used 175085K [0x0000000080000000, 0x0000000100000000)
  region size 1024K, 62 young (63488K), 7 survivors (7168K)
 Metaspace       used 117362K, capacity 120734K, committed 121132K, reserved 1155072K
  class space    used 14801K, capacity 16107K, committed 16332K, reserved 1048576K
GC Heap History (20 events):
Event: 11.010 GC heap before
{Heap before GC invocations=15 (full 0):
 garbage-first heap   total 253952K, used 196761K [0x0000000080000000, 0x0000000100000000)
  region size 1024K, 131 young (134144K), 14 survivors (14336K)
 Metaspace       used 110206K, capacity 113543K, committed 113792K, reserved 1146880K
  class space    used 14435K, capacity 15729K, committed 15820K, reserved 1048576K
}
Event: 11.018 GC heap after
{Heap after GC invocations=16 (full 0):
 garbage-first heap   total 253952K, used 79739K [0x0000000080000000, 0x0000000100000000)
  region size 1024K, 10 young (10240K), 10 survivors (10240K)
 Metaspace       used 110206K, capacity 113543K, committed 113792K, reserved 1146880K
  class space    used 14435K, capacity 15729K, committed 15820K, reserved 1048576K
}
Event: 159.509 GC heap before
{Heap before GC invocations=16 (full 0):
 garbage-first heap   total 253952K, used 210811K [0x0000000080000000, 0x0000000100000000)
  region size 1024K, 129 young (132096K), 10 survivors (10240K)
 Metaspace       used 114561K, capacity 118062K, committed 118400K, reserved 1150976K
  class space    used 14871K, capacity 16226K, committed 16332K, reserved 1048576K
}
Event: 159.521 GC heap after
{Heap after GC invocations=17 (full 0):
 garbage-first heap   total 253952K, used 93502K [0x0000000080000000, 0x0000000100000000)
  region size 1024K, 17 young (17408K), 17 survivors (17408K)
 Metaspace       used 114561K, capacity 118062K, committed 118400K, reserved 1150976K
  class space    used 14871K, capacity 16226K, committed 16332K, reserved 1048576K
}
Event: 160.155 GC heap before
{Heap before GC invocations=17 (full 0):
 garbage-first heap   total 253952K, used 151870K [0x0000000080000000, 0x0000000100000000)
  region size 1024K, 76 young (77824K), 17 survivors (17408K)
 Metaspace       used 115150K, capacity 118660K, committed 118828K, reserved 1153024K
  class space    used 14880K, capacity 16240K, committed 16332K, reserved 1048576K
}
Event: 160.178 GC heap after
{Heap after GC invocations=18 (full 0):
 garbage-first heap   total 253952K, used 101117K [0x0000000080000000, 0x0000000100000000)
  region size 1024K, 8 young (8192K), 8 survivors (8192K)
 Metaspace       used 115150K, capacity 118660K, committed 118828K, reserved 1153024K
  class space    used 14880K, capacity 16240K, committed 16332K, reserved 1048576K
}
Event: 478.473 GC heap before
{Heap before GC invocations=19 (full 0):
 garbage-first heap   total 253952K, used 194301K [0x0000000080000000, 0x0000000100000000)
  region size 1024K, 90 young (92160K), 8 survivors (8192K)
 Metaspace       used 115306K, capacity 118622K, committed 119340K, reserved 1153024K
  class space    used 14775K, capacity 16048K, committed 16332K, reserved 1048576K
}
Event: 478.481 GC heap after
{Heap after GC invocations=20 (full 0):
 garbage-first heap   total 253952K, used 111532K [0x0000000080000000, 0x0000000100000000)
  region size 1024K, 12 young (12288K), 12 survivors (12288K)
 Metaspace       used 115306K, capacity 118622K, committed 119340K, reserved 1153024K
  class space    used 14775K, capacity 16048K, committed 16332K, reserved 1048576K
}
Event: 623.217 GC heap before
{Heap before GC invocations=20 (full 0):
 garbage-first heap   total 253952K, used 198572K [0x0000000080000000, 0x0000000100000000)
  region size 1024K, 90 young (92160K), 12 survivors (12288K)
 Metaspace       used 115857K, capacity 119170K, committed 119852K, reserved 1153024K
  class space    used 14802K, capacity 16112K, committed 16332K, reserved 1048576K
}
Event: 623.224 GC heap after
{Heap after GC invocations=21 (full 0):
 garbage-first heap   total 253952K, used 118169K [0x0000000080000000, 0x0000000100000000)
  region size 1024K, 7 young (7168K), 7 survivors (7168K)
 Metaspace       used 115857K, capacity 119170K, committed 119852K, reserved 1153024K
  class space    used 14802K, capacity 16112K, committed 16332K, reserved 1048576K
}
Event: 647.582 GC heap before
{Heap before GC invocations=21 (full 0):
 garbage-first heap   total 253952K, used 197017K [0x0000000080000000, 0x0000000100000000)
  region size 1024K, 83 young (84992K), 7 survivors (7168K)
 Metaspace       used 116208K, capacity 119735K, committed 120108K, reserved 1153024K
  class space    used 14825K, capacity 16154K, committed 16332K, reserved 1048576K
}
Event: 647.591 GC heap after
{Heap after GC invocations=22 (full 0):
 garbage-first heap   total 253952K, used 132905K [0x0000000080000000, 0x0000000100000000)
  region size 1024K, 11 young (11264K), 11 survivors (11264K)
 Metaspace       used 116208K, capacity 119735K, committed 120108K, reserved 1153024K
  class space    used 14825K, capacity 16154K, committed 16332K, reserved 1048576K
}
Event: 647.972 GC heap before
{Heap before GC invocations=22 (full 0):
 garbage-first heap   total 253952K, used 190249K [0x0000000080000000, 0x0000000100000000)
  region size 1024K, 69 young (70656K), 11 survivors (11264K)
 Metaspace       used 116626K, capacity 120099K, committed 120364K, reserved 1153024K
  class space    used 14828K, capacity 16160K, committed 16332K, reserved 1048576K
}
Event: 647.979 GC heap after
{Heap after GC invocations=23 (full 0):
 garbage-first heap   total 253952K, used 133646K [0x0000000080000000, 0x0000000100000000)
  region size 1024K, 4 young (4096K), 4 survivors (4096K)
 Metaspace       used 116626K, capacity 120099K, committed 120364K, reserved 1153024K
  class space    used 14828K, capacity 16160K, committed 16332K, reserved 1048576K
}
Event: 914.957 GC heap before
{Heap before GC invocations=24 (full 0):
 garbage-first heap   total 253952K, used 203278K [0x0000000080000000, 0x0000000100000000)
  region size 1024K, 69 young (70656K), 4 survivors (4096K)
 Metaspace       used 116685K, capacity 119908K, committed 120620K, reserved 1153024K
  class space    used 14771K, capacity 16057K, committed 16332K, reserved 1048576K
}
Event: 914.959 GC heap after
{Heap after GC invocations=25 (full 0):
 garbage-first heap   total 253952K, used 129252K [0x0000000080000000, 0x0000000100000000)
  region size 1024K, 3 young (3072K), 3 survivors (3072K)
 Metaspace       used 116685K, capacity 119908K, committed 120620K, reserved 1153024K
  class space    used 14771K, capacity 16057K, committed 16332K, reserved 1048576K
}
Event: 915.028 GC heap before
{Heap before GC invocations=25 (full 0):
 garbage-first heap   total 253952K, used 138468K [0x0000000080000000, 0x0000000100000000)
  region size 1024K, 12 young (12288K), 3 survivors (3072K)
 Metaspace       used 116738K, capacity 120006K, committed 120620K, reserved 1153024K
  class space    used 14774K, capacity 16063K, committed 16332K, reserved 1048576K
}
Event: 915.032 GC heap after
{Heap after GC invocations=26 (full 0):
 garbage-first heap   total 253952K, used 105602K [0x0000000080000000, 0x0000000100000000)
  region size 1024K, 2 young (2048K), 2 survivors (2048K)
 Metaspace       used 116738K, capacity 120006K, committed 120620K, reserved 1153024K
  class space    used 14774K, capacity 16063K, committed 16332K, reserved 1048576K
}
Event: 915.660 GC heap before
{Heap before GC invocations=26 (full 0):
 garbage-first heap   total 253952K, used 191618K [0x0000000080000000, 0x0000000100000000)
  region size 1024K, 85 young (87040K), 2 survivors (2048K)
 Metaspace       used 117104K, capacity 120465K, committed 120876K, reserved 1155072K
  class space    used 14799K, capacity 16107K, committed 16332K, reserved 1048576K
}
Event: 915.665 GC heap after
{Heap after GC invocations=27 (full 0):
 garbage-first heap   total 253952K, used 112621K [0x0000000080000000, 0x0000000100000000)
  region size 1024K, 7 young (7168K), 7 survivors (7168K)
 Metaspace       used 117104K, capacity 120465K, committed 120876K, reserved 1155072K
  class space    used 14799K, capacity 16107K, committed 16332K, reserved 1048576K
}

